<?xml version="1.0" encoding="UTF-8"?>
<!-- Generated by org.testng.reporters.JUnitXMLReporter -->
<testsuite hostname="NTTDHK-WLP-022" name="TestSourceDestination" tests="2" failures="0" timestamp="10 Jun 2021 04:54:34 GMT" time="10.478" errors="0">
  <testcase name="verifySourceCityNotInDestination" time="0.45" classname="testCases.TestSourceDestination"/>
  <testcase name="verifyFindFlights" time="1.197" classname="testCases.TestSourceDestination"/>
</testsuite> <!-- TestSourceDestination -->
