<?xml version="1.0" encoding="UTF-8"?>
<testng-results skipped="0" failed="0" total="3" passed="3">
  <reporter-output>
  </reporter-output>
  <suite name="Suite" duration-ms="22447" started-at="2021-06-10T04:54:23Z" finished-at="2021-06-10T04:54:46Z">
    <groups>
    </groups>
    <test name="TestSourceDestination" duration-ms="10478" started-at="2021-06-10T04:54:23Z" finished-at="2021-06-10T04:54:34Z">
      <class name="testCases.TestSourceDestination">
        <test-method status="PASS" signature="init()[pri:0, instance:testCases.TestSourceDestination@5c7fa833]" name="init" is-config="true" duration-ms="7489" started-at="2021-06-10T10:24:23Z" finished-at="2021-06-10T10:24:31Z">
          <reporter-output>
          </reporter-output>
        </test-method> <!-- init -->
        <test-method status="PASS" signature="verifySourceCityNotInDestination()[pri:1, instance:testCases.TestSourceDestination@5c7fa833]" name="verifySourceCityNotInDestination" duration-ms="450" started-at="2021-06-10T10:24:31Z" description="Verify selected city is source does not appear in Destination" finished-at="2021-06-10T10:24:31Z">
          <reporter-output>
          </reporter-output>
        </test-method> <!-- verifySourceCityNotInDestination -->
        <test-method status="PASS" signature="verifyFindFlights()[pri:2, instance:testCases.TestSourceDestination@5c7fa833]" name="verifyFindFlights" duration-ms="1197" started-at="2021-06-10T10:24:31Z" description="Searching flights from Paris to Rome" finished-at="2021-06-10T10:24:33Z">
          <reporter-output>
          </reporter-output>
        </test-method> <!-- verifyFindFlights -->
        <test-method status="PASS" signature="teardown()[pri:0, instance:testCases.TestSourceDestination@5c7fa833]" name="teardown" is-config="true" duration-ms="1328" started-at="2021-06-10T10:24:33Z" finished-at="2021-06-10T10:24:34Z">
          <reporter-output>
          </reporter-output>
        </test-method> <!-- teardown -->
      </class> <!-- testCases.TestSourceDestination -->
    </test> <!-- TestSourceDestination -->
    <test name="TestFlightBooking" duration-ms="11938" started-at="2021-06-10T04:54:34Z" finished-at="2021-06-10T04:54:46Z">
      <class name="testCases.TestFlightBooking">
        <test-method status="PASS" signature="init()[pri:0, instance:testCases.TestFlightBooking@5e5792a0]" name="init" is-config="true" duration-ms="5572" started-at="2021-06-10T10:24:34Z" finished-at="2021-06-10T10:24:40Z">
          <reporter-output>
          </reporter-output>
        </test-method> <!-- init -->
        <test-method status="PASS" signature="verifyFLightBookingFlow()[pri:1, instance:testCases.TestFlightBooking@5e5792a0]" name="verifyFLightBookingFlow" duration-ms="4984" started-at="2021-06-10T10:24:40Z" description="Verify complete flow of flight booking" finished-at="2021-06-10T10:24:44Z">
          <reporter-output>
          </reporter-output>
        </test-method> <!-- verifyFLightBookingFlow -->
        <test-method status="PASS" signature="teardown()[pri:0, instance:testCases.TestFlightBooking@5e5792a0]" name="teardown" is-config="true" duration-ms="1379" started-at="2021-06-10T10:24:44Z" finished-at="2021-06-10T10:24:46Z">
          <reporter-output>
          </reporter-output>
        </test-method> <!-- teardown -->
      </class> <!-- testCases.TestFlightBooking -->
    </test> <!-- TestFlightBooking -->
  </suite> <!-- Suite -->
</testng-results>
